# JRE version: Java(TM) SE Runtime Environment (8.0_191-b12) (build 1.8.0_191-b12)
# Java VM: Java HotSpot(TM) 64-Bit Server VM (25.191-b12 mixed mode windows-amd64 compressed oops)
Heap:
 PSYoungGen      total 157184K, used 5495K [0x00000000d5d00000, 0x00000000e1e00000, 0x0000000100000000)
  eden space 125952K, 4% used [0x00000000d5d00000,0x00000000d625dc78,0x00000000dd800000)
  from space 31232K, 0% used [0x00000000df980000,0x00000000df980000,0x00000000e1800000)
  to   space 34304K, 0% used [0x00000000dd800000,0x00000000dd800000,0x00000000df980000)
 ParOldGen       total 87552K, used 55201K [0x0000000081600000, 0x0000000086b80000, 0x00000000d5d00000)
  object space 87552K, 63% used [0x0000000081600000,0x0000000084be84e8,0x0000000086b80000)
 Metaspace       used 20633K, capacity 21570K, committed 21632K, reserved 1069056K
  class space    used 2708K, capacity 2938K, committed 2944K, reserved 1048576K
GC Heap History (10 events):
Event: 19.183 GC heap before
{Heap before GC invocations=5 (full 0):
 PSYoungGen      total 38400K, used 38372K [0x00000000d5d00000, 0x00000000d8780000, 0x0000000100000000)
  eden space 33280K, 100% used [0x00000000d5d00000,0x00000000d7d80000,0x00000000d7d80000)
  from space 5120K, 99% used [0x00000000d8280000,0x00000000d8779260,0x00000000d8780000)
  to   space 5120K, 0% used [0x00000000d7d80000,0x00000000d7d80000,0x00000000d8280000)
 ParOldGen       total 87552K, used 8832K [0x0000000081600000, 0x0000000086b80000, 0x00000000d5d00000)
  object space 87552K, 10% used [0x0000000081600000,0x0000000081ea03e0,0x0000000086b80000)
 Metaspace       used 18900K, capacity 19598K, committed 19840K, reserved 1067008K
  class space    used 2444K, capacity 2634K, committed 2688K, reserved 1048576K
Event: 19.199 GC heap after
Heap after GC invocations=5 (full 0):
 PSYoungGen      total 38400K, used 5092K [0x00000000d5d00000, 0x00000000dbe00000, 0x0000000100000000)
  eden space 33280K, 0% used [0x00000000d5d00000,0x00000000d5d00000,0x00000000d7d80000)
  from space 5120K, 99% used [0x00000000d7d80000,0x00000000d8279260,0x00000000d8280000)
  to   space 16384K, 0% used [0x00000000dae00000,0x00000000dae00000,0x00000000dbe00000)
 ParOldGen       total 87552K, used 19467K [0x0000000081600000, 0x0000000086b80000, 0x00000000d5d00000)
  object space 87552K, 22% used [0x0000000081600000,0x0000000082902c50,0x0000000086b80000)
 Metaspace       used 18900K, capacity 19598K, committed 19840K, reserved 1067008K
  class space    used 2444K, capacity 2634K, committed 2688K, reserved 1048576K
}
Event: 19.548 GC heap before
{Heap before GC invocations=6 (full 0):
 PSYoungGen      total 38400K, used 37964K [0x00000000d5d00000, 0x00000000dbe00000, 0x0000000100000000)
  eden space 33280K, 98% used [0x00000000d5d00000,0x00000000d7d19ee8,0x00000000d7d80000)
  from space 5120K, 99% used [0x00000000d7d80000,0x00000000d8279260,0x00000000d8280000)
  to   space 16384K, 0% used [0x00000000dae00000,0x00000000dae00000,0x00000000dbe00000)
 ParOldGen       total 87552K, used 19467K [0x0000000081600000, 0x0000000086b80000, 0x00000000d5d00000)
  object space 87552K, 22% used [0x0000000081600000,0x0000000082902c50,0x0000000086b80000)
 Metaspace       used 18961K, capacity 19662K, committed 19840K, reserved 1067008K
  class space    used 2445K, capacity 2634K, committed 2688K, reserved 1048576K
Event: 19.572 GC heap after
Heap after GC invocations=6 (full 0):
 PSYoungGen      total 80896K, used 14533K [0x00000000d5d00000, 0x00000000dc200000, 0x0000000100000000)
  eden space 64512K, 0% used [0x00000000d5d00000,0x00000000d5d00000,0x00000000d9c00000)
  from space 16384K, 88% used [0x00000000dae00000,0x00000000dbc317d0,0x00000000dbe00000)
  to   space 18432K, 0% used [0x00000000d9c00000,0x00000000d9c00000,0x00000000dae00000)
 ParOldGen       total 87552K, used 19475K [0x0000000081600000, 0x0000000086b80000, 0x00000000d5d00000)
  object space 87552K, 22% used [0x0000000081600000,0x0000000082904c50,0x0000000086b80000)
 Metaspace       used 18961K, capacity 19662K, committed 19840K, reserved 1067008K
  class space    used 2445K, capacity 2634K, committed 2688K, reserved 1048576K
}
Event: 20.171 GC heap before
{Heap before GC invocations=7 (full 0):
 PSYoungGen      total 80896K, used 79045K [0x00000000d5d00000, 0x00000000dc200000, 0x0000000100000000)
  eden space 64512K, 100% used [0x00000000d5d00000,0x00000000d9c00000,0x00000000d9c00000)
  from space 16384K, 88% used [0x00000000dae00000,0x00000000dbc317d0,0x00000000dbe00000)
  to   space 18432K, 0% used [0x00000000d9c00000,0x00000000d9c00000,0x00000000dae00000)
 ParOldGen       total 87552K, used 19475K [0x0000000081600000, 0x0000000086b80000, 0x00000000d5d00000)
  object space 87552K, 22% used [0x0000000081600000,0x0000000082904c50,0x0000000086b80000)
 Metaspace       used 19025K, capacity 19790K, committed 20096K, reserved 1067008K
  class space    used 2445K, capacity 2634K, committed 2688K, reserved 1048576K
Event: 20.215 GC heap after
Heap after GC invocations=7 (full 0):
 PSYoungGen      total 82944K, used 18404K [0x00000000d5d00000, 0x00000000e1800000, 0x0000000100000000)
  eden space 64512K, 0% used [0x00000000d5d00000,0x00000000d5d00000,0x00000000d9c00000)
  from space 18432K, 99% used [0x00000000d9c00000,0x00000000dadf9088,0x00000000dae00000)
  to   space 31232K, 0% used [0x00000000df980000,0x00000000df980000,0x00000000e1800000)
 ParOldGen       total 87552K, used 38184K [0x0000000081600000, 0x0000000086b80000, 0x00000000d5d00000)
  object space 87552K, 43% used [0x0000000081600000,0x0000000083b4a3c8,0x0000000086b80000)
 Metaspace       used 19025K, capacity 19790K, committed 20096K, reserved 1067008K
  class space    used 2445K, capacity 2634K, committed 2688K, reserved 1048576K
}
Event: 21.053 GC heap before
{Heap before GC invocations=8 (full 0):
 PSYoungGen      total 82944K, used 47096K [0x00000000d5d00000, 0x00000000e1800000, 0x0000000100000000)
  eden space 64512K, 44% used [0x00000000d5d00000,0x00000000d79050a8,0x00000000d9c00000)
  from space 18432K, 99% used [0x00000000d9c00000,0x00000000dadf9088,0x00000000dae00000)
  to   space 31232K, 0% used [0x00000000df980000,0x00000000df980000,0x00000000e1800000)
 ParOldGen       total 87552K, used 38184K [0x0000000081600000, 0x0000000086b80000, 0x00000000d5d00000)
  object space 87552K, 43% used [0x0000000081600000,0x0000000083b4a3c8,0x0000000086b80000)
 Metaspace       used 20308K, capacity 21192K, committed 21296K, reserved 1067008K
  class space    used 2671K, capacity 2897K, committed 2944K, reserved 1048576K
Event: 21.081 GC heap after
Heap after GC invocations=8 (full 0):
 PSYoungGen      total 157184K, used 25539K [0x00000000d5d00000, 0x00000000e1e00000, 0x0000000100000000)
  eden space 125952K, 0% used [0x00000000d5d00000,0x00000000d5d00000,0x00000000dd800000)
  from space 31232K, 81% used [0x00000000df980000,0x00000000e1270ca0,0x00000000e1800000)
  to   space 34304K, 0% used [0x00000000dd800000,0x00000000dd800000,0x00000000df980000)
 ParOldGen       total 87552K, used 38648K [0x0000000081600000, 0x0000000086b80000, 0x00000000d5d00000)
  object space 87552K, 44% used [0x0000000081600000,0x0000000083bbe3c8,0x0000000086b80000)
 Metaspace       used 20308K, capacity 21192K, committed 21296K, reserved 1067008K
  class space    used 2671K, capacity 2897K, committed 2944K, reserved 1048576K
}
Event: 21.081 GC heap before
{Heap before GC invocations=9 (full 1):
 PSYoungGen      total 157184K, used 25539K [0x00000000d5d00000, 0x00000000e1e00000, 0x0000000100000000)
  eden space 125952K, 0% used [0x00000000d5d00000,0x00000000d5d00000,0x00000000dd800000)
  from space 31232K, 81% used [0x00000000df980000,0x00000000e1270ca0,0x00000000e1800000)
  to   space 34304K, 0% used [0x00000000dd800000,0x00000000dd800000,0x00000000df980000)
 ParOldGen       total 87552K, used 38648K [0x0000000081600000, 0x0000000086b80000, 0x00000000d5d00000)
  object space 87552K, 44% used [0x0000000081600000,0x0000000083bbe3c8,0x0000000086b80000)
 Metaspace       used 20308K, capacity 21192K, committed 21296K, reserved 1067008K
  class space    used 2671K, capacity 2897K, committed 2944K, reserved 1048576K
Event: 21.211 GC heap after
Heap after GC invocations=9 (full 1):
 PSYoungGen      total 157184K, used 0K [0x00000000d5d00000, 0x00000000e1e00000, 0x0000000100000000)
  eden space 125952K, 0% used [0x00000000d5d00000,0x00000000d5d00000,0x00000000dd800000)
  from space 31232K, 0% used [0x00000000df980000,0x00000000df980000,0x00000000e1800000)
  to   space 34304K, 0% used [0x00000000dd800000,0x00000000dd800000,0x00000000df980000)
 ParOldGen       total 87552K, used 55201K [0x0000000081600000, 0x0000000086b80000, 0x00000000d5d00000)
  object space 87552K, 63% used [0x0000000081600000,0x0000000084be84e8,0x0000000086b80000)
 Metaspace       used 20308K, capacity 21192K, committed 21296K, reserved 1067008K
  class space    used 2671K, capacity 2897K, committed 2944K, reserved 1048576K
}

