# JRE version: Java(TM) SE Runtime Environment (8.0_191-b12) (build 1.8.0_191-b12)
# Java VM: Java HotSpot(TM) 64-Bit Server VM (25.191-b12 mixed mode windows-amd64 compressed oops)
Heap:
 PSYoungGen      total 85504K, used 36090K [0x00000000d5d00000, 0x00000000dc600000, 0x0000000100000000)
  eden space 65024K, 24% used [0x00000000d5d00000,0x00000000d6c40eb8,0x00000000d9c80000)
  from space 20480K, 99% used [0x00000000d9c80000,0x00000000db07dc60,0x00000000db080000)
  to   space 18944K, 0% used [0x00000000db080000,0x00000000db080000,0x00000000dc300000)
 ParOldGen       total 87552K, used 38151K [0x0000000081600000, 0x0000000086b80000, 0x00000000d5d00000)
  object space 87552K, 43% used [0x0000000081600000,0x0000000083b41fe8,0x0000000086b80000)
 Metaspace       used 19893K, capacity 20718K, committed 20864K, reserved 1067008K
  class space    used 2649K, capacity 2852K, committed 2944K, reserved 1048576K
GC Heap History (10 events):
Event: 3.381 GC heap before
{Heap before GC invocations=3 (full 0):
 PSYoungGen      total 38400K, used 38396K [0x00000000d5d00000, 0x00000000d8780000, 0x0000000100000000)
  eden space 33280K, 100% used [0x00000000d5d00000,0x00000000d7d80000,0x00000000d7d80000)
  from space 5120K, 99% used [0x00000000d8280000,0x00000000d877f050,0x00000000d8780000)
  to   space 5120K, 0% used [0x00000000d7d80000,0x00000000d7d80000,0x00000000d8280000)
 ParOldGen       total 87552K, used 7364K [0x0000000081600000, 0x0000000086b80000, 0x00000000d5d00000)
  object space 87552K, 8% used [0x0000000081600000,0x0000000081d31330,0x0000000086b80000)
 Metaspace       used 15792K, capacity 16420K, committed 16768K, reserved 1062912K
  class space    used 2142K, capacity 2337K, committed 2432K, reserved 1048576K
Event: 3.387 GC heap after
Heap after GC invocations=3 (full 0):
 PSYoungGen      total 38400K, used 5100K [0x00000000d5d00000, 0x00000000d8780000, 0x0000000100000000)
  eden space 33280K, 0% used [0x00000000d5d00000,0x00000000d5d00000,0x00000000d7d80000)
  from space 5120K, 99% used [0x00000000d7d80000,0x00000000d827b040,0x00000000d8280000)
  to   space 5120K, 0% used [0x00000000d8280000,0x00000000d8280000,0x00000000d8780000)
 ParOldGen       total 87552K, used 8452K [0x0000000081600000, 0x0000000086b80000, 0x00000000d5d00000)
  object space 87552K, 9% used [0x0000000081600000,0x0000000081e412f0,0x0000000086b80000)
 Metaspace       used 15792K, capacity 16420K, committed 16768K, reserved 1062912K
  class space    used 2142K, capacity 2337K, committed 2432K, reserved 1048576K
}
Event: 4.029 GC heap before
{Heap before GC invocations=4 (full 0):
 PSYoungGen      total 38400K, used 37983K [0x00000000d5d00000, 0x00000000d8780000, 0x0000000100000000)
  eden space 33280K, 98% used [0x00000000d5d00000,0x00000000d7d1ced0,0x00000000d7d80000)
  from space 5120K, 99% used [0x00000000d7d80000,0x00000000d827b040,0x00000000d8280000)
  to   space 5120K, 0% used [0x00000000d8280000,0x00000000d8280000,0x00000000d8780000)
 ParOldGen       total 87552K, used 8452K [0x0000000081600000, 0x0000000086b80000, 0x00000000d5d00000)
  object space 87552K, 9% used [0x0000000081600000,0x0000000081e412f0,0x0000000086b80000)
 Metaspace       used 18058K, capacity 18750K, committed 19072K, reserved 1064960K
  class space    used 2376K, capacity 2570K, committed 2688K, reserved 1048576K
Event: 4.078 GC heap after
Heap after GC invocations=4 (full 0):
 PSYoungGen      total 38400K, used 5100K [0x00000000d5d00000, 0x00000000da800000, 0x0000000100000000)
  eden space 33280K, 0% used [0x00000000d5d00000,0x00000000d5d00000,0x00000000d7d80000)
  from space 5120K, 99% used [0x00000000d8280000,0x00000000d877b040,0x00000000d8780000)
  to   space 5120K, 0% used [0x00000000d7d80000,0x00000000d7d80000,0x00000000d8280000)
 ParOldGen       total 87552K, used 14571K [0x0000000081600000, 0x0000000086b80000, 0x00000000d5d00000)
  object space 87552K, 16% used [0x0000000081600000,0x000000008243afb8,0x0000000086b80000)
 Metaspace       used 18058K, capacity 18750K, committed 19072K, reserved 1064960K
  class space    used 2376K, capacity 2570K, committed 2688K, reserved 1048576K
}
Event: 4.485 GC heap before
{Heap before GC invocations=5 (full 0):
 PSYoungGen      total 38400K, used 38380K [0x00000000d5d00000, 0x00000000da800000, 0x0000000100000000)
  eden space 33280K, 100% used [0x00000000d5d00000,0x00000000d7d80000,0x00000000d7d80000)
  from space 5120K, 99% used [0x00000000d8280000,0x00000000d877b040,0x00000000d8780000)
  to   space 5120K, 0% used [0x00000000d7d80000,0x00000000d7d80000,0x00000000d8280000)
 ParOldGen       total 87552K, used 14571K [0x0000000081600000, 0x0000000086b80000, 0x00000000d5d00000)
  object space 87552K, 16% used [0x0000000081600000,0x000000008243afb8,0x0000000086b80000)
 Metaspace       used 18220K, capacity 18882K, committed 19072K, reserved 1064960K
  class space    used 2388K, capacity 2570K, committed 2688K, reserved 1048576K
Event: 4.505 GC heap after
Heap after GC invocations=5 (full 0):
 PSYoungGen      total 38400K, used 5100K [0x00000000d5d00000, 0x00000000dc300000, 0x0000000100000000)
  eden space 33280K, 0% used [0x00000000d5d00000,0x00000000d5d00000,0x00000000d7d80000)
  from space 5120K, 99% used [0x00000000d7d80000,0x00000000d827b040,0x00000000d8280000)
  to   space 18944K, 0% used [0x00000000db080000,0x00000000db080000,0x00000000dc300000)
 ParOldGen       total 87552K, used 25346K [0x0000000081600000, 0x0000000086b80000, 0x00000000d5d00000)
  object space 87552K, 28% used [0x0000000081600000,0x0000000082ec0ae0,0x0000000086b80000)
 Metaspace       used 18220K, capacity 18882K, committed 19072K, reserved 1064960K
  class space    used 2388K, capacity 2570K, committed 2688K, reserved 1048576K
}
Event: 4.810 GC heap before
{Heap before GC invocations=6 (full 0):
 PSYoungGen      total 38400K, used 38380K [0x00000000d5d00000, 0x00000000dc300000, 0x0000000100000000)
  eden space 33280K, 100% used [0x00000000d5d00000,0x00000000d7d80000,0x00000000d7d80000)
  from space 5120K, 99% used [0x00000000d7d80000,0x00000000d827b040,0x00000000d8280000)
  to   space 18944K, 0% used [0x00000000db080000,0x00000000db080000,0x00000000dc300000)
 ParOldGen       total 87552K, used 25346K [0x0000000081600000, 0x0000000086b80000, 0x00000000d5d00000)
  object space 87552K, 28% used [0x0000000081600000,0x0000000082ec0ae0,0x0000000086b80000)
 Metaspace       used 18283K, capacity 18946K, committed 19072K, reserved 1064960K
  class space    used 2389K, capacity 2570K, committed 2688K, reserved 1048576K
Event: 4.842 GC heap after
Heap after GC invocations=6 (full 0):
 PSYoungGen      total 83968K, used 14135K [0x00000000d5d00000, 0x00000000dc600000, 0x0000000100000000)
  eden space 65024K, 0% used [0x00000000d5d00000,0x00000000d5d00000,0x00000000d9c80000)
  from space 18944K, 74% used [0x00000000db080000,0x00000000dbe4dff8,0x00000000dc300000)
  to   space 20480K, 0% used [0x00000000d9c80000,0x00000000d9c80000,0x00000000db080000)
 ParOldGen       total 87552K, used 25346K [0x0000000081600000, 0x0000000086b80000, 0x00000000d5d00000)
  object space 87552K, 28% used [0x0000000081600000,0x0000000082ec0ae0,0x0000000086b80000)
 Metaspace       used 18283K, capacity 18946K, committed 19072K, reserved 1064960K
  class space    used 2389K, capacity 2570K, committed 2688K, reserved 1048576K
}
Event: 5.327 GC heap before
{Heap before GC invocations=7 (full 0):
 PSYoungGen      total 83968K, used 79159K [0x00000000d5d00000, 0x00000000dc600000, 0x0000000100000000)
  eden space 65024K, 100% used [0x00000000d5d00000,0x00000000d9c80000,0x00000000d9c80000)
  from space 18944K, 74% used [0x00000000db080000,0x00000000dbe4dff8,0x00000000dc300000)
  to   space 20480K, 0% used [0x00000000d9c80000,0x00000000d9c80000,0x00000000db080000)
 ParOldGen       total 87552K, used 25346K [0x0000000081600000, 0x0000000086b80000, 0x00000000d5d00000)
  object space 87552K, 28% used [0x0000000081600000,0x0000000082ec0ae0,0x0000000086b80000)
 Metaspace       used 18345K, capacity 19010K, committed 19328K, reserved 1067008K
  class space    used 2389K, capacity 2570K, committed 2688K, reserved 1048576K
Event: 5.350 GC heap after
Heap after GC invocations=7 (full 0):
 PSYoungGen      total 85504K, used 20471K [0x00000000d5d00000, 0x00000000dc600000, 0x0000000100000000)
  eden space 65024K, 0% used [0x00000000d5d00000,0x00000000d5d00000,0x00000000d9c80000)
  from space 20480K, 99% used [0x00000000d9c80000,0x00000000db07dc60,0x00000000db080000)
  to   space 18944K, 0% used [0x00000000db080000,0x00000000db080000,0x00000000dc300000)
 ParOldGen       total 87552K, used 38151K [0x0000000081600000, 0x0000000086b80000, 0x00000000d5d00000)
  object space 87552K, 43% used [0x0000000081600000,0x0000000083b41fe8,0x0000000086b80000)
 Metaspace       used 18345K, capacity 19010K, committed 19328K, reserved 1067008K
  class space    used 2389K, capacity 2570K, committed 2688K, reserved 1048576K
}

