# JRE version: Java(TM) SE Runtime Environment (8.0_191-b12) (build 1.8.0_191-b12)
# Java VM: Java HotSpot(TM) 64-Bit Server VM (25.191-b12 mixed mode windows-amd64 compressed oops)
Heap:
 PSYoungGen      total 71680K, used 57080K [0x00000000d5d00000, 0x00000000e1300000, 0x0000000100000000)
  eden space 66560K, 78% used [0x00000000d5d00000,0x00000000d8fbe250,0x00000000d9e00000)
  from space 5120K, 99% used [0x00000000d9e00000,0x00000000da2ffec0,0x00000000da300000)
  to   space 26624K, 0% used [0x00000000df900000,0x00000000df900000,0x00000000e1300000)
 ParOldGen       total 87552K, used 35512K [0x0000000081600000, 0x0000000086b80000, 0x00000000d5d00000)
  object space 87552K, 40% used [0x0000000081600000,0x00000000838ae1d0,0x0000000086b80000)
 Metaspace       used 19519K, capacity 20356K, committed 20480K, reserved 1067008K
  class space    used 2578K, capacity 2799K, committed 2816K, reserved 1048576K
GC Heap History (10 events):
Event: 1.221 GC heap before
{Heap before GC invocations=1 (full 0):
 PSYoungGen      total 38400K, used 33280K [0x00000000d5d00000, 0x00000000d8780000, 0x0000000100000000)
  eden space 33280K, 100% used [0x00000000d5d00000,0x00000000d7d80000,0x00000000d7d80000)
  from space 5120K, 0% used [0x00000000d8280000,0x00000000d8280000,0x00000000d8780000)
  to   space 5120K, 0% used [0x00000000d7d80000,0x00000000d7d80000,0x00000000d8280000)
 ParOldGen       total 87552K, used 0K [0x0000000081600000, 0x0000000086b80000, 0x00000000d5d00000)
  object space 87552K, 0% used [0x0000000081600000,0x0000000081600000,0x0000000086b80000)
 Metaspace       used 10257K, capacity 10634K, committed 10880K, reserved 1058816K
  class space    used 1281K, capacity 1404K, committed 1408K, reserved 1048576K
Event: 1.227 GC heap after
Heap after GC invocations=1 (full 0):
 PSYoungGen      total 38400K, used 3312K [0x00000000d5d00000, 0x00000000d8780000, 0x0000000100000000)
  eden space 33280K, 0% used [0x00000000d5d00000,0x00000000d5d00000,0x00000000d7d80000)
  from space 5120K, 64% used [0x00000000d7d80000,0x00000000d80bc040,0x00000000d8280000)
  to   space 5120K, 0% used [0x00000000d8280000,0x00000000d8280000,0x00000000d8780000)
 ParOldGen       total 87552K, used 8K [0x0000000081600000, 0x0000000086b80000, 0x00000000d5d00000)
  object space 87552K, 0% used [0x0000000081600000,0x0000000081602000,0x0000000086b80000)
 Metaspace       used 10257K, capacity 10634K, committed 10880K, reserved 1058816K
  class space    used 1281K, capacity 1404K, committed 1408K, reserved 1048576K
}
Event: 1.821 GC heap before
{Heap before GC invocations=2 (full 0):
 PSYoungGen      total 38400K, used 36592K [0x00000000d5d00000, 0x00000000d8780000, 0x0000000100000000)
  eden space 33280K, 100% used [0x00000000d5d00000,0x00000000d7d80000,0x00000000d7d80000)
  from space 5120K, 64% used [0x00000000d7d80000,0x00000000d80bc040,0x00000000d8280000)
  to   space 5120K, 0% used [0x00000000d8280000,0x00000000d8280000,0x00000000d8780000)
 ParOldGen       total 87552K, used 8K [0x0000000081600000, 0x0000000086b80000, 0x00000000d5d00000)
  object space 87552K, 0% used [0x0000000081600000,0x0000000081602000,0x0000000086b80000)
 Metaspace       used 11980K, capacity 12458K, committed 12800K, reserved 1060864K
  class space    used 1537K, capacity 1688K, committed 1792K, reserved 1048576K
Event: 1.833 GC heap after
Heap after GC invocations=2 (full 0):
 PSYoungGen      total 38400K, used 4679K [0x00000000d5d00000, 0x00000000da800000, 0x0000000100000000)
  eden space 33280K, 0% used [0x00000000d5d00000,0x00000000d5d00000,0x00000000d7d80000)
  from space 5120K, 91% used [0x00000000d8280000,0x00000000d8711fd0,0x00000000d8780000)
  to   space 5120K, 0% used [0x00000000d7d80000,0x00000000d7d80000,0x00000000d8280000)
 ParOldGen       total 87552K, used 88K [0x0000000081600000, 0x0000000086b80000, 0x00000000d5d00000)
  object space 87552K, 0% used [0x0000000081600000,0x0000000081616010,0x0000000086b80000)
 Metaspace       used 11980K, capacity 12458K, committed 12800K, reserved 1060864K
  class space    used 1537K, capacity 1688K, committed 1792K, reserved 1048576K
}
Event: 2.618 GC heap before
{Heap before GC invocations=3 (full 0):
 PSYoungGen      total 38400K, used 37589K [0x00000000d5d00000, 0x00000000da800000, 0x0000000100000000)
  eden space 33280K, 98% used [0x00000000d5d00000,0x00000000d7d236d8,0x00000000d7d80000)
  from space 5120K, 91% used [0x00000000d8280000,0x00000000d8711fd0,0x00000000d8780000)
  to   space 5120K, 0% used [0x00000000d7d80000,0x00000000d7d80000,0x00000000d8280000)
 ParOldGen       total 87552K, used 88K [0x0000000081600000, 0x0000000086b80000, 0x00000000d5d00000)
  object space 87552K, 0% used [0x0000000081600000,0x0000000081616010,0x0000000086b80000)
 Metaspace       used 15769K, capacity 16354K, committed 16640K, reserved 1062912K
  class space    used 2027K, capacity 2198K, committed 2304K, reserved 1048576K
Event: 2.631 GC heap after
Heap after GC invocations=3 (full 0):
 PSYoungGen      total 38400K, used 5093K [0x00000000d5d00000, 0x00000000da800000, 0x0000000100000000)
  eden space 33280K, 0% used [0x00000000d5d00000,0x00000000d5d00000,0x00000000d7d80000)
  from space 5120K, 99% used [0x00000000d7d80000,0x00000000d82794c0,0x00000000d8280000)
  to   space 5120K, 0% used [0x00000000da300000,0x00000000da300000,0x00000000da800000)
 ParOldGen       total 87552K, used 6893K [0x0000000081600000, 0x0000000086b80000, 0x00000000d5d00000)
  object space 87552K, 7% used [0x0000000081600000,0x0000000081cbb798,0x0000000086b80000)
 Metaspace       used 15769K, capacity 16354K, committed 16640K, reserved 1062912K
  class space    used 2027K, capacity 2198K, committed 2304K, reserved 1048576K
}
Event: 2.941 GC heap before
{Heap before GC invocations=4 (full 0):
 PSYoungGen      total 38400K, used 38373K [0x00000000d5d00000, 0x00000000da800000, 0x0000000100000000)
  eden space 33280K, 100% used [0x00000000d5d00000,0x00000000d7d80000,0x00000000d7d80000)
  from space 5120K, 99% used [0x00000000d7d80000,0x00000000d82794c0,0x00000000d8280000)
  to   space 5120K, 0% used [0x00000000da300000,0x00000000da300000,0x00000000da800000)
 ParOldGen       total 87552K, used 6893K [0x0000000081600000, 0x0000000086b80000, 0x00000000d5d00000)
  object space 87552K, 7% used [0x0000000081600000,0x0000000081cbb798,0x0000000086b80000)
 Metaspace       used 15934K, capacity 16482K, committed 16640K, reserved 1062912K
  class space    used 2039K, capacity 2198K, committed 2304K, reserved 1048576K
Event: 2.952 GC heap after
Heap after GC invocations=4 (full 0):
 PSYoungGen      total 71680K, used 5107K [0x00000000d5d00000, 0x00000000da800000, 0x0000000100000000)
  eden space 66560K, 0% used [0x00000000d5d00000,0x00000000d5d00000,0x00000000d9e00000)
  from space 5120K, 99% used [0x00000000da300000,0x00000000da7fcd30,0x00000000da800000)
  to   space 5120K, 0% used [0x00000000d9e00000,0x00000000d9e00000,0x00000000da300000)
 ParOldGen       total 87552K, used 17339K [0x0000000081600000, 0x0000000086b80000, 0x00000000d5d00000)
  object space 87552K, 19% used [0x0000000081600000,0x00000000826eec28,0x0000000086b80000)
 Metaspace       used 15934K, capacity 16482K, committed 16640K, reserved 1062912K
  class space    used 2039K, capacity 2198K, committed 2304K, reserved 1048576K
}
Event: 3.397 GC heap before
{Heap before GC invocations=5 (full 0):
 PSYoungGen      total 71680K, used 70511K [0x00000000d5d00000, 0x00000000da800000, 0x0000000100000000)
  eden space 66560K, 98% used [0x00000000d5d00000,0x00000000d9cdf2c8,0x00000000d9e00000)
  from space 5120K, 99% used [0x00000000da300000,0x00000000da7fcd30,0x00000000da800000)
  to   space 5120K, 0% used [0x00000000d9e00000,0x00000000d9e00000,0x00000000da300000)
 ParOldGen       total 87552K, used 17339K [0x0000000081600000, 0x0000000086b80000, 0x00000000d5d00000)
  object space 87552K, 19% used [0x0000000081600000,0x00000000826eec28,0x0000000086b80000)
 Metaspace       used 16027K, capacity 16550K, committed 16896K, reserved 1064960K
  class space    used 2040K, capacity 2198K, committed 2304K, reserved 1048576K
Event: 3.413 GC heap after
Heap after GC invocations=5 (full 0):
 PSYoungGen      total 71680K, used 5119K [0x00000000d5d00000, 0x00000000e1300000, 0x0000000100000000)
  eden space 66560K, 0% used [0x00000000d5d00000,0x00000000d5d00000,0x00000000d9e00000)
  from space 5120K, 99% used [0x00000000d9e00000,0x00000000da2ffec0,0x00000000da300000)
  to   space 26624K, 0% used [0x00000000df900000,0x00000000df900000,0x00000000e1300000)
 ParOldGen       total 87552K, used 35512K [0x0000000081600000, 0x0000000086b80000, 0x00000000d5d00000)
  object space 87552K, 40% used [0x0000000081600000,0x00000000838ae1d0,0x0000000086b80000)
 Metaspace       used 16027K, capacity 16550K, committed 16896K, reserved 1064960K
  class space    used 2040K, capacity 2198K, committed 2304K, reserved 1048576K
}

