# JRE version: Java(TM) SE Runtime Environment (8.0_191-b12) (build 1.8.0_191-b12)
# Java VM: Java HotSpot(TM) 64-Bit Server VM (25.191-b12 mixed mode windows-amd64 compressed oops)
Heap:
 PSYoungGen      total 71680K, used 55188K [0x00000000d5d00000, 0x00000000e1900000, 0x0000000100000000)
  eden space 66560K, 75% used [0x00000000d5d00000,0x00000000d8de7ba0,0x00000000d9e00000)
  from space 5120K, 99% used [0x00000000d9e00000,0x00000000da2fd7d8,0x00000000da300000)
  to   space 29696K, 0% used [0x00000000dfc00000,0x00000000dfc00000,0x00000000e1900000)
 ParOldGen       total 87552K, used 39394K [0x0000000081600000, 0x0000000086b80000, 0x00000000d5d00000)
  object space 87552K, 44% used [0x0000000081600000,0x0000000083c788b8,0x0000000086b80000)
 Metaspace       used 19451K, capacity 20184K, committed 20480K, reserved 1067008K
  class space    used 2568K, capacity 2765K, committed 2816K, reserved 1048576K
GC Heap History (10 events):
Event: 1.157 GC heap before
{Heap before GC invocations=1 (full 0):
 PSYoungGen      total 38400K, used 33280K [0x00000000d5d00000, 0x00000000d8780000, 0x0000000100000000)
  eden space 33280K, 100% used [0x00000000d5d00000,0x00000000d7d80000,0x00000000d7d80000)
  from space 5120K, 0% used [0x00000000d8280000,0x00000000d8280000,0x00000000d8780000)
  to   space 5120K, 0% used [0x00000000d7d80000,0x00000000d7d80000,0x00000000d8280000)
 ParOldGen       total 87552K, used 0K [0x0000000081600000, 0x0000000086b80000, 0x00000000d5d00000)
  object space 87552K, 0% used [0x0000000081600000,0x0000000081600000,0x0000000086b80000)
 Metaspace       used 10286K, capacity 10634K, committed 10880K, reserved 1058816K
  class space    used 1284K, capacity 1404K, committed 1408K, reserved 1048576K
Event: 1.163 GC heap after
Heap after GC invocations=1 (full 0):
 PSYoungGen      total 38400K, used 3296K [0x00000000d5d00000, 0x00000000d8780000, 0x0000000100000000)
  eden space 33280K, 0% used [0x00000000d5d00000,0x00000000d5d00000,0x00000000d7d80000)
  from space 5120K, 64% used [0x00000000d7d80000,0x00000000d80b8050,0x00000000d8280000)
  to   space 5120K, 0% used [0x00000000d8280000,0x00000000d8280000,0x00000000d8780000)
 ParOldGen       total 87552K, used 8K [0x0000000081600000, 0x0000000086b80000, 0x00000000d5d00000)
  object space 87552K, 0% used [0x0000000081600000,0x0000000081602000,0x0000000086b80000)
 Metaspace       used 10286K, capacity 10634K, committed 10880K, reserved 1058816K
  class space    used 1284K, capacity 1404K, committed 1408K, reserved 1048576K
}
Event: 1.734 GC heap before
{Heap before GC invocations=2 (full 0):
 PSYoungGen      total 38400K, used 36576K [0x00000000d5d00000, 0x00000000d8780000, 0x0000000100000000)
  eden space 33280K, 100% used [0x00000000d5d00000,0x00000000d7d80000,0x00000000d7d80000)
  from space 5120K, 64% used [0x00000000d7d80000,0x00000000d80b8050,0x00000000d8280000)
  to   space 5120K, 0% used [0x00000000d8280000,0x00000000d8280000,0x00000000d8780000)
 ParOldGen       total 87552K, used 8K [0x0000000081600000, 0x0000000086b80000, 0x00000000d5d00000)
  object space 87552K, 0% used [0x0000000081600000,0x0000000081602000,0x0000000086b80000)
 Metaspace       used 11994K, capacity 12454K, committed 12800K, reserved 1060864K
  class space    used 1538K, capacity 1688K, committed 1792K, reserved 1048576K
Event: 1.742 GC heap after
Heap after GC invocations=2 (full 0):
 PSYoungGen      total 38400K, used 4727K [0x00000000d5d00000, 0x00000000d8780000, 0x0000000100000000)
  eden space 33280K, 0% used [0x00000000d5d00000,0x00000000d5d00000,0x00000000d7d80000)
  from space 5120K, 92% used [0x00000000d8280000,0x00000000d871dfc0,0x00000000d8780000)
  to   space 5120K, 0% used [0x00000000d7d80000,0x00000000d7d80000,0x00000000d8280000)
 ParOldGen       total 87552K, used 80K [0x0000000081600000, 0x0000000086b80000, 0x00000000d5d00000)
  object space 87552K, 0% used [0x0000000081600000,0x0000000081614010,0x0000000086b80000)
 Metaspace       used 11994K, capacity 12454K, committed 12800K, reserved 1060864K
  class space    used 1538K, capacity 1688K, committed 1792K, reserved 1048576K
}
Event: 2.535 GC heap before
{Heap before GC invocations=3 (full 0):
 PSYoungGen      total 38400K, used 37541K [0x00000000d5d00000, 0x00000000d8780000, 0x0000000100000000)
  eden space 33280K, 98% used [0x00000000d5d00000,0x00000000d7d0b718,0x00000000d7d80000)
  from space 5120K, 92% used [0x00000000d8280000,0x00000000d871dfc0,0x00000000d8780000)
  to   space 5120K, 0% used [0x00000000d7d80000,0x00000000d7d80000,0x00000000d8280000)
 ParOldGen       total 87552K, used 80K [0x0000000081600000, 0x0000000086b80000, 0x00000000d5d00000)
  object space 87552K, 0% used [0x0000000081600000,0x0000000081614010,0x0000000086b80000)
 Metaspace       used 15781K, capacity 16290K, committed 16640K, reserved 1062912K
  class space    used 2027K, capacity 2198K, committed 2304K, reserved 1048576K
Event: 2.547 GC heap after
Heap after GC invocations=3 (full 0):
 PSYoungGen      total 38400K, used 5095K [0x00000000d5d00000, 0x00000000da800000, 0x0000000100000000)
  eden space 33280K, 0% used [0x00000000d5d00000,0x00000000d5d00000,0x00000000d7d80000)
  from space 5120K, 99% used [0x00000000d7d80000,0x00000000d8279fd0,0x00000000d8280000)
  to   space 5120K, 0% used [0x00000000da300000,0x00000000da300000,0x00000000da800000)
 ParOldGen       total 87552K, used 5508K [0x0000000081600000, 0x0000000086b80000, 0x00000000d5d00000)
  object space 87552K, 6% used [0x0000000081600000,0x0000000081b613b0,0x0000000086b80000)
 Metaspace       used 15781K, capacity 16290K, committed 16640K, reserved 1062912K
  class space    used 2027K, capacity 2198K, committed 2304K, reserved 1048576K
}
Event: 3.024 GC heap before
{Heap before GC invocations=4 (full 0):
 PSYoungGen      total 38400K, used 38375K [0x00000000d5d00000, 0x00000000da800000, 0x0000000100000000)
  eden space 33280K, 100% used [0x00000000d5d00000,0x00000000d7d80000,0x00000000d7d80000)
  from space 5120K, 99% used [0x00000000d7d80000,0x00000000d8279fd0,0x00000000d8280000)
  to   space 5120K, 0% used [0x00000000da300000,0x00000000da300000,0x00000000da800000)
 ParOldGen       total 87552K, used 5508K [0x0000000081600000, 0x0000000086b80000, 0x00000000d5d00000)
  object space 87552K, 6% used [0x0000000081600000,0x0000000081b613b0,0x0000000086b80000)
 Metaspace       used 15953K, capacity 16418K, committed 16640K, reserved 1062912K
  class space    used 2039K, capacity 2198K, committed 2304K, reserved 1048576K
Event: 3.042 GC heap after
Heap after GC invocations=4 (full 0):
 PSYoungGen      total 71680K, used 5100K [0x00000000d5d00000, 0x00000000da800000, 0x0000000100000000)
  eden space 66560K, 0% used [0x00000000d5d00000,0x00000000d5d00000,0x00000000d9e00000)
  from space 5120K, 99% used [0x00000000da300000,0x00000000da7fb068,0x00000000da800000)
  to   space 5120K, 0% used [0x00000000d9e00000,0x00000000d9e00000,0x00000000da300000)
 ParOldGen       total 87552K, used 15876K [0x0000000081600000, 0x0000000086b80000, 0x00000000d5d00000)
  object space 87552K, 18% used [0x0000000081600000,0x0000000082581018,0x0000000086b80000)
 Metaspace       used 15953K, capacity 16418K, committed 16640K, reserved 1062912K
  class space    used 2039K, capacity 2198K, committed 2304K, reserved 1048576K
}
Event: 3.842 GC heap before
{Heap before GC invocations=5 (full 0):
 PSYoungGen      total 71680K, used 70579K [0x00000000d5d00000, 0x00000000da800000, 0x0000000100000000)
  eden space 66560K, 98% used [0x00000000d5d00000,0x00000000d9cf1ba8,0x00000000d9e00000)
  from space 5120K, 99% used [0x00000000da300000,0x00000000da7fb068,0x00000000da800000)
  to   space 5120K, 0% used [0x00000000d9e00000,0x00000000d9e00000,0x00000000da300000)
 ParOldGen       total 87552K, used 15876K [0x0000000081600000, 0x0000000086b80000, 0x00000000d5d00000)
  object space 87552K, 18% used [0x0000000081600000,0x0000000082581018,0x0000000086b80000)
 Metaspace       used 16044K, capacity 16486K, committed 16640K, reserved 1062912K
  class space    used 2040K, capacity 2198K, committed 2304K, reserved 1048576K
Event: 3.868 GC heap after
Heap after GC invocations=5 (full 0):
 PSYoungGen      total 71680K, used 5109K [0x00000000d5d00000, 0x00000000e1900000, 0x0000000100000000)
  eden space 66560K, 0% used [0x00000000d5d00000,0x00000000d5d00000,0x00000000d9e00000)
  from space 5120K, 99% used [0x00000000d9e00000,0x00000000da2fd7d8,0x00000000da300000)
  to   space 29696K, 0% used [0x00000000dfc00000,0x00000000dfc00000,0x00000000e1900000)
 ParOldGen       total 87552K, used 39394K [0x0000000081600000, 0x0000000086b80000, 0x00000000d5d00000)
  object space 87552K, 44% used [0x0000000081600000,0x0000000083c788b8,0x0000000086b80000)
 Metaspace       used 16044K, capacity 16486K, committed 16640K, reserved 1062912K
  class space    used 2040K, capacity 2198K, committed 2304K, reserved 1048576K
}

